0 info it worked if it ends with ok
1 verbose cli [ '/home/taox/software/node-v4.1.1-linux-x64/bin/node',
1 verbose cli   '/home/taox/software/node-v4.1.1-linux-x64/bin/npm',
1 verbose cli   'run',
1 verbose cli   'babe' ]
2 info using npm@2.14.4
3 info using node@v4.1.1
4 verbose stack Error: missing script: babe
4 verbose stack     at run (/home/taox/software/node-v4.1.1-linux-x64/lib/node_modules/npm/lib/run-script.js:142:19)
4 verbose stack     at /home/taox/software/node-v4.1.1-linux-x64/lib/node_modules/npm/lib/run-script.js:58:5
4 verbose stack     at /home/taox/software/node-v4.1.1-linux-x64/lib/node_modules/npm/node_modules/read-package-json/read-json.js:345:5
4 verbose stack     at checkBinReferences_ (/home/taox/software/node-v4.1.1-linux-x64/lib/node_modules/npm/node_modules/read-package-json/read-json.js:309:45)
4 verbose stack     at final (/home/taox/software/node-v4.1.1-linux-x64/lib/node_modules/npm/node_modules/read-package-json/read-json.js:343:3)
4 verbose stack     at then (/home/taox/software/node-v4.1.1-linux-x64/lib/node_modules/npm/node_modules/read-package-json/read-json.js:113:5)
4 verbose stack     at /home/taox/software/node-v4.1.1-linux-x64/lib/node_modules/npm/node_modules/read-package-json/read-json.js:300:12
4 verbose stack     at /home/taox/software/node-v4.1.1-linux-x64/lib/node_modules/npm/node_modules/graceful-fs/graceful-fs.js:76:16
4 verbose stack     at FSReqWrap.readFileAfterClose [as oncomplete] (fs.js:380:3)
5 verbose cwd /home/taox/workspace/react-practice
6 error Linux 3.19.0-33-generic
7 error argv "/home/taox/software/node-v4.1.1-linux-x64/bin/node" "/home/taox/software/node-v4.1.1-linux-x64/bin/npm" "run" "babe"
8 error node v4.1.1
9 error npm  v2.14.4
10 error missing script: babe
11 error If you need help, you may report this error at:
11 error     <https://github.com/npm/npm/issues>
12 verbose exit [ 1, true ]
